build/app/intermediates/manifest_merge_blame_file/debug/processDebugMainManifest/manifest-merger-blame-debug-report.txt
1<?xml version="1.0" encoding="utf-8"?>
2<manifest xmlns:android="http://schemas.android.com/apk/res/android"
3    package="com.example.vaib_na_kolesah"
4    android:versionCode="1"
5    android:versionName="1.0.0" >
6
7    <uses-sdk
8        android:minSdkVersion="24"
9        android:targetSdkVersion="36" />
10    <!--
11         The INTERNET permission is required for development. Specifically,
12         the Flutter tool needs it to communicate with the running application
13         to allow setting breakpoints, to provide hot reload, etc.
14    -->
15    <uses-permission android:name="android.permission.INTERNET" />
15-->src\main\AndroidManifest.xml:2:5-67
15-->src\main\AndroidManifest.xml:2:22-64
16    <uses-permission android:name="android.permission.LOCATION" />
16-->src\main\AndroidManifest.xml:3:5-67
16-->src\main\AndroidManifest.xml:3:22-64
17    <!--
18 Required to query activities that can process text, see:
19         https://developer.android.com/training/package-visibility and
20         https://developer.android.com/reference/android/content/Intent#ACTION_PROCESS_TEXT.
21
22         In particular, this is used by the Flutter engine in io.flutter.plugin.text.ProcessTextPlugin.
23    -->
24    <queries>
24-->src\main\AndroidManifest.xml:41:5-46:15
25        <intent>
25-->src\main\AndroidManifest.xml:42:9-45:18
26            <action android:name="android.intent.action.PROCESS_TEXT" />
26-->src\main\AndroidManifest.xml:43:13-72
26-->src\main\AndroidManifest.xml:43:21-70
27
28            <data android:mimeType="text/plain" />
28-->src\main\AndroidManifest.xml:44:13-50
28-->src\main\AndroidManifest.xml:44:19-48
29        </intent>
30    </queries>
31
32    <uses-permission android:name="android.permission.WAKE_LOCK" />
32-->[:firebase_messaging] AndroidManifest.xml:8:5-68
32-->[:firebase_messaging] AndroidManifest.xml:8:22-65
33    <uses-permission android:name="android.permission.ACCESS_NETWORK_STATE" /> <!-- Permissions options for the `notification` group -->
33-->[:firebase_messaging] AndroidManifest.xml:9:5-79
33-->[:firebase_messaging] AndroidManifest.xml:9:22-76
34    <uses-permission android:name="android.permission.POST_NOTIFICATIONS" /> <!-- Required by older versions of Google Play services to create IID tokens -->
34-->[:firebase_messaging] AndroidManifest.xml:11:5-77
34-->[:firebase_messaging] AndroidManifest.xml:11:22-74
35    <uses-permission android:name="com.google.android.c2dm.permission.RECEIVE" />
35-->[com.google.firebase:firebase-messaging:25.0.1] AndroidManifest.xml:26:5-82
35-->[com.google.firebase:firebase-messaging:25.0.1] AndroidManifest.xml:26:22-79
36
37    <permission
37-->[androidx.core:core:1.13.1] AndroidManifest.xml:22:5-24:47
38        android:name="com.example.vaib_na_kolesah.DYNAMIC_RECEIVER_NOT_EXPORTED_PERMISSION"
38-->[androidx.core:core:1.13.1] AndroidManifest.xml:23:9-81
39        android:protectionLevel="signature" />
39-->[androidx.core:core:1.13.1] AndroidManifest.xml:24:9-44
40
41    <uses-permission android:name="com.example.vaib_na_kolesah.DYNAMIC_RECEIVER_NOT_EXPORTED_PERMISSION" />
41-->[androidx.core:core:1.13.1] AndroidManifest.xml:26:5-97
41-->[androidx.core:core:1.13.1] AndroidManifest.xml:26:22-94
42
43    <application
44        android:name="android.app.Application"
45        android:appComponentFactory="androidx.core.app.CoreComponentFactory"
45-->[androidx.core:core:1.13.1] AndroidManifest.xml:28:18-86
46        android:debuggable="true"
47        android:extractNativeLibs="false"
48        android:icon="@mipmap/ic_launcher"
49        android:label="vaib_na_kolesah" >
50        <activity
51            android:name="com.example.vaib_na_kolesah.MainActivity"
52            android:configChanges="orientation|keyboardHidden|keyboard|screenSize|smallestScreenSize|locale|layoutDirection|fontScale|screenLayout|density|uiMode"
53            android:exported="true"
54            android:hardwareAccelerated="true"
55            android:launchMode="singleTop"
56            android:taskAffinity=""
57            android:theme="@style/LaunchTheme"
58            android:windowSoftInputMode="adjustResize" >
59
60            <!--
61                 Specifies an Android theme to apply to this Activity as soon as
62                 the Android process has started. This theme is visible to the user
63                 while the Flutter UI initializes. After that, this theme continues
64                 to determine the Window background behind the Flutter UI.
65            -->
66            <meta-data
67                android:name="io.flutter.embedding.android.NormalTheme"
68                android:resource="@style/NormalTheme" />
69
70            <intent-filter>
71                <action android:name="android.intent.action.MAIN" />
72
73                <category android:name="android.intent.category.LAUNCHER" />
74            </intent-filter>
75        </activity>
76        <!--
77             Don't delete the meta-data below.
78             This is used by the Flutter tool to generate GeneratedPluginRegistrant.java
79        -->
80        <meta-data
81            android:name="flutterEmbedding"
82            android:value="2" />
83
84        <service
84-->[:firebase_messaging] AndroidManifest.xml:14:9-17:72
85            android:name="io.flutter.plugins.firebase.messaging.FlutterFirebaseMessagingBackgroundService"
85-->[:firebase_messaging] AndroidManifest.xml:15:13-107
86            android:exported="false"
86-->[:firebase_messaging] AndroidManifest.xml:16:13-37
87            android:permission="android.permission.BIND_JOB_SERVICE" />
87-->[:firebase_messaging] AndroidManifest.xml:17:13-69
88        <service
88-->[:firebase_messaging] AndroidManifest.xml:18:9-24:19
89            android:name="io.flutter.plugins.firebase.messaging.FlutterFirebaseMessagingService"
89-->[:firebase_messaging] AndroidManifest.xml:19:13-97
90            android:exported="false" >
90-->[:firebase_messaging] AndroidManifest.xml:20:13-37
91            <intent-filter>
91-->[:firebase_messaging] AndroidManifest.xml:21:13-23:29
92                <action android:name="com.google.firebase.MESSAGING_EVENT" />
92-->[:firebase_messaging] AndroidManifest.xml:22:17-78
92-->[:firebase_messaging] AndroidManifest.xml:22:25-75
93            </intent-filter>
94        </service>
95
96        <receiver
96-->[:firebase_messaging] AndroidManifest.xml:26:9-33:20
97            android:name="io.flutter.plugins.firebase.messaging.FlutterFirebaseMessagingReceiver"
97-->[:firebase_messaging] AndroidManifest.xml:27:13-98
98            android:exported="true"
98-->[:firebase_messaging] AndroidManifest.xml:28:13-36
99            android:permission="com.google.android.c2dm.permission.SEND" >
99-->[:firebase_messaging] AndroidManifest.xml:29:13-73
100            <intent-filter>
100-->[:firebase_messaging] AndroidManifest.xml:30:13-32:29
101                <action android:name="com.google.android.c2dm.intent.RECEIVE" />
101-->[:firebase_messaging] AndroidManifest.xml:31:17-81
101-->[:firebase_messaging] AndroidManifest.xml:31:25-78
102            </intent-filter>
103        </receiver>
104
105        <service
105-->[:firebase_messaging] AndroidManifest.xml:35:9-39:19
106            android:name="com.google.firebase.components.ComponentDiscoveryService"
106-->[:firebase_messaging] AndroidManifest.xml:35:18-89
107            android:directBootAware="true"
107-->[com.google.firebase:firebase-common:22.0.1] AndroidManifest.xml:32:13-43
108            android:exported="false" >
108-->[com.google.firebase:firebase-messaging:25.0.1] AndroidManifest.xml:56:13-37
109            <meta-data
109-->[:firebase_messaging] AndroidManifest.xml:36:13-38:85
110                android:name="com.google.firebase.components:io.flutter.plugins.firebase.messaging.FlutterFirebaseAppRegistrar"
110-->[:firebase_messaging] AndroidManifest.xml:37:17-128
111                android:value="com.google.firebase.components.ComponentRegistrar" />
111-->[:firebase_messaging] AndroidManifest.xml:38:17-82
112            <meta-data
112-->[:firebase_core] AndroidManifest.xml:9:13-11:85
113                android:name="com.google.firebase.components:io.flutter.plugins.firebase.core.FlutterFirebaseCoreRegistrar"
113-->[:firebase_core] AndroidManifest.xml:10:17-124
114                android:value="com.google.firebase.components.ComponentRegistrar" />
114-->[:firebase_core] AndroidManifest.xml:11:17-82
115            <meta-data
115-->[com.google.firebase:firebase-messaging:25.0.1] AndroidManifest.xml:57:13-59:85
116                android:name="com.google.firebase.components:com.google.firebase.messaging.FirebaseMessagingKtxRegistrar"
116-->[com.google.firebase:firebase-messaging:25.0.1] AndroidManifest.xml:58:17-122
117                android:value="com.google.firebase.components.ComponentRegistrar" />
117-->[com.google.firebase:firebase-messaging:25.0.1] AndroidManifest.xml:59:17-82
118            <meta-data
118-->[com.google.firebase:firebase-messaging:25.0.1] AndroidManifest.xml:60:13-62:85
119                android:name="com.google.firebase.components:com.google.firebase.messaging.FirebaseMessagingRegistrar"
119-->[com.google.firebase:firebase-messaging:25.0.1] AndroidManifest.xml:61:17-119
120                android:value="com.google.firebase.components.ComponentRegistrar" />
120-->[com.google.firebase:firebase-messaging:25.0.1] AndroidManifest.xml:62:17-82
121            <meta-data
121-->[com.google.firebase:firebase-installations:19.0.1] AndroidManifest.xml:15:13-17:85
122                android:name="com.google.firebase.components:com.google.firebase.installations.FirebaseInstallationsKtxRegistrar"
122-->[com.google.firebase:firebase-installations:19.0.1] AndroidManifest.xml:16:17-130
123                android:value="com.google.firebase.components.ComponentRegistrar" />
123-->[com.google.firebase:firebase-installations:19.0.1] AndroidManifest.xml:17:17-82
124            <meta-data
124-->[com.google.firebase:firebase-installations:19.0.1] AndroidManifest.xml:18:13-20:85
125                android:name="com.google.firebase.components:com.google.firebase.installations.FirebaseInstallationsRegistrar"
125-->[com.google.firebase:firebase-installations:19.0.1] AndroidManifest.xml:19:17-127
126                android:value="com.google.firebase.components.ComponentRegistrar" />
126-->[com.google.firebase:firebase-installations:19.0.1] AndroidManifest.xml:20:17-82
127            <meta-data
127-->[com.google.firebase:firebase-common:22.0.1] AndroidManifest.xml:35:13-37:85
128                android:name="com.google.firebase.components:com.google.firebase.FirebaseCommonKtxRegistrar"
128-->[com.google.firebase:firebase-common:22.0.1] AndroidManifest.xml:36:17-109
129                android:value="com.google.firebase.components.ComponentRegistrar" />
129-->[com.google.firebase:firebase-common:22.0.1] AndroidManifest.xml:37:17-82
130            <meta-data
130-->[com.google.firebase:firebase-datatransport:18.2.0] AndroidManifest.xml:25:13-27:85
131                android:name="com.google.firebase.components:com.google.firebase.datatransport.TransportRegistrar"
131-->[com.google.firebase:firebase-datatransport:18.2.0] AndroidManifest.xml:26:17-115
132                android:value="com.google.firebase.components.ComponentRegistrar" />
132-->[com.google.firebase:firebase-datatransport:18.2.0] AndroidManifest.xml:27:17-82
133        </service>
134
135        <provider
135-->[:firebase_messaging] AndroidManifest.xml:41:9-45:38
136            android:name="io.flutter.plugins.firebase.messaging.FlutterFirebaseMessagingInitProvider"
136-->[:firebase_messaging] AndroidManifest.xml:42:13-102
137            android:authorities="com.example.vaib_na_kolesah.flutterfirebasemessaginginitprovider"
137-->[:firebase_messaging] AndroidManifest.xml:43:13-88
138            android:exported="false"
138-->[:firebase_messaging] AndroidManifest.xml:44:13-37
139            android:initOrder="99" />
139-->[:firebase_messaging] AndroidManifest.xml:45:13-35
140
141        <receiver
141-->[com.google.firebase:firebase-messaging:25.0.1] AndroidManifest.xml:29:9-40:20
142            android:name="com.google.firebase.iid.FirebaseInstanceIdReceiver"
142-->[com.google.firebase:firebase-messaging:25.0.1] AndroidManifest.xml:30:13-78
143            android:exported="true"
143-->[com.google.firebase:firebase-messaging:25.0.1] AndroidManifest.xml:31:13-36
144            android:permission="com.google.android.c2dm.permission.SEND" >
144-->[com.google.firebase:firebase-messaging:25.0.1] AndroidManifest.xml:32:13-73
145            <intent-filter>
145-->[:firebase_messaging] AndroidManifest.xml:30:13-32:29
146                <action android:name="com.google.android.c2dm.intent.RECEIVE" />
146-->[:firebase_messaging] AndroidManifest.xml:31:17-81
146-->[:firebase_messaging] AndroidManifest.xml:31:25-78
147            </intent-filter>
148
149            <meta-data
149-->[com.google.firebase:firebase-messaging:25.0.1] AndroidManifest.xml:37:13-39:40
150                android:name="com.google.android.gms.cloudmessaging.FINISHED_AFTER_HANDLED"
150-->[com.google.firebase:firebase-messaging:25.0.1] AndroidManifest.xml:38:17-92
151                android:value="true" />
151-->[com.google.firebase:firebase-messaging:25.0.1] AndroidManifest.xml:39:17-37
152        </receiver>
153        <!--
154             FirebaseMessagingService performs security checks at runtime,
155             but set to not exported to explicitly avoid allowing another app to call it.
156        -->
157        <service
157-->[com.google.firebase:firebase-messaging:25.0.1] AndroidManifest.xml:46:9-53:19
158            android:name="com.google.firebase.messaging.FirebaseMessagingService"
158-->[com.google.firebase:firebase-messaging:25.0.1] AndroidManifest.xml:47:13-82
159            android:directBootAware="true"
159-->[com.google.firebase:firebase-messaging:25.0.1] AndroidManifest.xml:48:13-43
160            android:exported="false" >
160-->[com.google.firebase:firebase-messaging:25.0.1] AndroidManifest.xml:49:13-37
161            <intent-filter android:priority="-500" >
161-->[:firebase_messaging] AndroidManifest.xml:21:13-23:29
162                <action android:name="com.google.firebase.MESSAGING_EVENT" />
162-->[:firebase_messaging] AndroidManifest.xml:22:17-78
162-->[:firebase_messaging] AndroidManifest.xml:22:25-75
163            </intent-filter>
164        </service>
165
166        <provider
166-->[com.google.firebase:firebase-common:22.0.1] AndroidManifest.xml:23:9-28:39
167            android:name="com.google.firebase.provider.FirebaseInitProvider"
167-->[com.google.firebase:firebase-common:22.0.1] AndroidManifest.xml:24:13-77
168            android:authorities="com.example.vaib_na_kolesah.firebaseinitprovider"
168-->[com.google.firebase:firebase-common:22.0.1] AndroidManifest.xml:25:13-72
169            android:directBootAware="true"
169-->[com.google.firebase:firebase-common:22.0.1] AndroidManifest.xml:26:13-43
170            android:exported="false"
170-->[com.google.firebase:firebase-common:22.0.1] AndroidManifest.xml:27:13-37
171            android:initOrder="100" />
171-->[com.google.firebase:firebase-common:22.0.1] AndroidManifest.xml:28:13-36
172
173        <uses-library
173-->[androidx.window:window:1.2.0] AndroidManifest.xml:23:9-25:40
174            android:name="androidx.window.extensions"
174-->[androidx.window:window:1.2.0] AndroidManifest.xml:24:13-54
175            android:required="false" />
175-->[androidx.window:window:1.2.0] AndroidManifest.xml:25:13-37
176        <uses-library
176-->[androidx.window:window:1.2.0] AndroidManifest.xml:26:9-28:40
177            android:name="androidx.window.sidecar"
177-->[androidx.window:window:1.2.0] AndroidManifest.xml:27:13-51
178            android:required="false" />
178-->[androidx.window:window:1.2.0] AndroidManifest.xml:28:13-37
179
180        <activity
180-->[com.google.android.gms:play-services-base:18.1.0] AndroidManifest.xml:20:9-22:45
181            android:name="com.google.android.gms.common.api.GoogleApiActivity"
181-->[com.google.android.gms:play-services-base:18.1.0] AndroidManifest.xml:20:19-85
182            android:exported="false"
182-->[com.google.android.gms:play-services-base:18.1.0] AndroidManifest.xml:22:19-43
183            android:theme="@android:style/Theme.Translucent.NoTitleBar" />
183-->[com.google.android.gms:play-services-base:18.1.0] AndroidManifest.xml:21:19-78
184
185        <meta-data
185-->[com.google.android.gms:play-services-basement:18.3.0] AndroidManifest.xml:21:9-23:69
186            android:name="com.google.android.gms.version"
186-->[com.google.android.gms:play-services-basement:18.3.0] AndroidManifest.xml:22:13-58
187            android:value="@integer/google_play_services_version" />
187-->[com.google.android.gms:play-services-basement:18.3.0] AndroidManifest.xml:23:13-66
188
189        <provider
189-->[androidx.lifecycle:lifecycle-process:2.7.0] AndroidManifest.xml:24:9-32:20
190            android:name="androidx.startup.InitializationProvider"
190-->[androidx.lifecycle:lifecycle-process:2.7.0] AndroidManifest.xml:25:13-67
191            android:authorities="com.example.vaib_na_kolesah.androidx-startup"
191-->[androidx.lifecycle:lifecycle-process:2.7.0] AndroidManifest.xml:26:13-68
192            android:exported="false" >
192-->[androidx.lifecycle:lifecycle-process:2.7.0] AndroidManifest.xml:27:13-37
193            <meta-data
193-->[androidx.lifecycle:lifecycle-process:2.7.0] AndroidManifest.xml:29:13-31:52
194                android:name="androidx.lifecycle.ProcessLifecycleInitializer"
194-->[androidx.lifecycle:lifecycle-process:2.7.0] AndroidManifest.xml:30:17-78
195                android:value="androidx.startup" />
195-->[androidx.lifecycle:lifecycle-process:2.7.0] AndroidManifest.xml:31:17-49
196            <meta-data
196-->[androidx.profileinstaller:profileinstaller:1.3.1] AndroidManifest.xml:29:13-31:52
197                android:name="androidx.profileinstaller.ProfileInstallerInitializer"
197-->[androidx.profileinstaller:profileinstaller:1.3.1] AndroidManifest.xml:30:17-85
198                android:value="androidx.startup" />
198-->[androidx.profileinstaller:profileinstaller:1.3.1] AndroidManifest.xml:31:17-49
199        </provider>
200
201        <receiver
201-->[androidx.profileinstaller:profileinstaller:1.3.1] AndroidManifest.xml:34:9-52:20
202            android:name="androidx.profileinstaller.ProfileInstallReceiver"
202-->[androidx.profileinstaller:profileinstaller:1.3.1] AndroidManifest.xml:35:13-76
203            android:directBootAware="false"
203-->[androidx.profileinstaller:profileinstaller:1.3.1] AndroidManifest.xml:36:13-44
204            android:enabled="true"
204-->[androidx.profileinstaller:profileinstaller:1.3.1] AndroidManifest.xml:37:13-35
205            android:exported="true"
205-->[androidx.profileinstaller:profileinstaller:1.3.1] AndroidManifest.xml:38:13-36
206            android:permission="android.permission.DUMP" >
206-->[androidx.profileinstaller:profileinstaller:1.3.1] AndroidManifest.xml:39:13-57
207            <intent-filter>
207-->[androidx.profileinstaller:profileinstaller:1.3.1] AndroidManifest.xml:40:13-42:29
208                <action android:name="androidx.profileinstaller.action.INSTALL_PROFILE" />
208-->[androidx.profileinstaller:profileinstaller:1.3.1] AndroidManifest.xml:41:17-91
208-->[androidx.profileinstaller:profileinstaller:1.3.1] AndroidManifest.xml:41:25-88
209            </intent-filter>
210            <intent-filter>
210-->[androidx.profileinstaller:profileinstaller:1.3.1] AndroidManifest.xml:43:13-45:29
211                <action android:name="androidx.profileinstaller.action.SKIP_FILE" />
211-->[androidx.profileinstaller:profileinstaller:1.3.1] AndroidManifest.xml:44:17-85
211-->[androidx.profileinstaller:profileinstaller:1.3.1] AndroidManifest.xml:44:25-82
212            </intent-filter>
213            <intent-filter>
213-->[androidx.profileinstaller:profileinstaller:1.3.1] AndroidManifest.xml:46:13-48:29
214                <action android:name="androidx.profileinstaller.action.SAVE_PROFILE" />
214-->[androidx.profileinstaller:profileinstaller:1.3.1] AndroidManifest.xml:47:17-88
214-->[androidx.profileinstaller:profileinstaller:1.3.1] AndroidManifest.xml:47:25-85
215            </intent-filter>
216            <intent-filter>
216-->[androidx.profileinstaller:profileinstaller:1.3.1] AndroidManifest.xml:49:13-51:29
217                <action android:name="androidx.profileinstaller.action.BENCHMARK_OPERATION" />
217-->[androidx.profileinstaller:profileinstaller:1.3.1] AndroidManifest.xml:50:17-95
217-->[androidx.profileinstaller:profileinstaller:1.3.1] AndroidManifest.xml:50:25-92
218            </intent-filter>
219        </receiver>
220
221        <service
221-->[com.google.android.datatransport:transport-backend-cct:3.1.9] AndroidManifest.xml:28:9-34:19
222            android:name="com.google.android.datatransport.runtime.backends.TransportBackendDiscovery"
222-->[com.google.android.datatransport:transport-backend-cct:3.1.9] AndroidManifest.xml:29:13-103
223            android:exported="false" >
223-->[com.google.android.datatransport:transport-backend-cct:3.1.9] AndroidManifest.xml:30:13-37
224            <meta-data
224-->[com.google.android.datatransport:transport-backend-cct:3.1.9] AndroidManifest.xml:31:13-33:39
225                android:name="backend:com.google.android.datatransport.cct.CctBackendFactory"
225-->[com.google.android.datatransport:transport-backend-cct:3.1.9] AndroidManifest.xml:32:17-94
226                android:value="cct" />
226-->[com.google.android.datatransport:transport-backend-cct:3.1.9] AndroidManifest.xml:33:17-36
227        </service>
228        <service
228-->[com.google.android.datatransport:transport-runtime:3.1.9] AndroidManifest.xml:26:9-30:19
229            android:name="com.google.android.datatransport.runtime.scheduling.jobscheduling.JobInfoSchedulerService"
229-->[com.google.android.datatransport:transport-runtime:3.1.9] AndroidManifest.xml:27:13-117
230            android:exported="false"
230-->[com.google.android.datatransport:transport-runtime:3.1.9] AndroidManifest.xml:28:13-37
231            android:permission="android.permission.BIND_JOB_SERVICE" >
231-->[com.google.android.datatransport:transport-runtime:3.1.9] AndroidManifest.xml:29:13-69
232        </service>
233
234        <receiver
234-->[com.google.android.datatransport:transport-runtime:3.1.9] AndroidManifest.xml:32:9-34:40
235            android:name="com.google.android.datatransport.runtime.scheduling.jobscheduling.AlarmManagerSchedulerBroadcastReceiver"
235-->[com.google.android.datatransport:transport-runtime:3.1.9] AndroidManifest.xml:33:13-132
236            android:exported="false" />
236-->[com.google.android.datatransport:transport-runtime:3.1.9] AndroidManifest.xml:34:13-37
237    </application>
238
239</manifest>